{
  "0 debug pnpm:scope": {
    "selected": 1
  },
  "1 info pnpm": {
    "err": {
      "name": "Error",
      "message": "not found: dev",
      "code": "ENOENT",
      "stack": "Error: not found: dev\n    at getNotFoundError (C:\\Users\\Jeremy\\AppData\\Roaming\\npm\\pnpm-global\\5\\node_modules\\.pnpm\\pnpm@6.32.10\\node_modules\\pnpm\\dist\\pnpm.cjs:41689:51)\n    at Function.whichSync [as sync] (C:\\Users\\Jeremy\\AppData\\Roaming\\npm\\pnpm-global\\5\\node_modules\\.pnpm\\pnpm@6.32.10\\node_modules\\pnpm\\dist\\pnpm.cjs:41766:13)\n    at getCommandAbsolutePathSync (C:\\Users\\Jeremy\\AppData\\Roaming\\npm\\pnpm-global\\5\\node_modules\\.pnpm\\pnpm@6.32.10\\node_modules\\pnpm\\dist\\pnpm.cjs:43331:44)\n    at default_1 (C:\\Users\\Jeremy\\AppData\\Roaming\\npm\\pnpm-global\\5\\node_modules\\.pnpm\\pnpm@6.32.10\\node_modules\\pnpm\\dist\\pnpm.cjs:43340:32)\n    at C:\\Users\\Jeremy\\AppData\\Roaming\\npm\\pnpm-global\\5\\node_modules\\.pnpm\\pnpm@6.32.10\\node_modules\\pnpm\\dist\\pnpm.cjs:178603:39"
    }
  },
  "2 error pnpm": {
    "code": "ERR_PNPM_RECURSIVE_EXEC_FIRST_FAIL",
    "prefix": "C:\\Users\\Jeremy",
    "err": {
      "name": "pnpm",
      "message": "not found: dev",
      "code": "ERR_PNPM_RECURSIVE_EXEC_FIRST_FAIL",
      "stack": "Error: not found: dev\n    at getNotFoundError (C:\\Users\\Jeremy\\AppData\\Roaming\\npm\\pnpm-global\\5\\node_modules\\.pnpm\\pnpm@6.32.10\\node_modules\\pnpm\\dist\\pnpm.cjs:41689:51)\n    at Function.whichSync [as sync] (C:\\Users\\Jeremy\\AppData\\Roaming\\npm\\pnpm-global\\5\\node_modules\\.pnpm\\pnpm@6.32.10\\node_modules\\pnpm\\dist\\pnpm.cjs:41766:13)\n    at getCommandAbsolutePathSync (C:\\Users\\Jeremy\\AppData\\Roaming\\npm\\pnpm-global\\5\\node_modules\\.pnpm\\pnpm@6.32.10\\node_modules\\pnpm\\dist\\pnpm.cjs:43331:44)\n    at default_1 (C:\\Users\\Jeremy\\AppData\\Roaming\\npm\\pnpm-global\\5\\node_modules\\.pnpm\\pnpm@6.32.10\\node_modules\\pnpm\\dist\\pnpm.cjs:43340:32)\n    at C:\\Users\\Jeremy\\AppData\\Roaming\\npm\\pnpm-global\\5\\node_modules\\.pnpm\\pnpm@6.32.10\\node_modules\\pnpm\\dist\\pnpm.cjs:178603:39"
    }
  }
}